  Source.cpp
C:\Users\iandr\source\repos\Project11\Project11\Source.cpp(8,10): warning C4566: character represented by universal-character-name '\u0410' cannot be represented in the current code page (1252)
C:\Users\iandr\source\repos\Project11\Project11\Source.cpp(8,10): warning C4566: character represented by universal-character-name '\u043D' cannot be represented in the current code page (1252)
C:\Users\iandr\source\repos\Project11\Project11\Source.cpp(8,10): warning C4566: character represented by universal-character-name '\u0434' cannot be represented in the current code page (1252)
C:\Users\iandr\source\repos\Project11\Project11\Source.cpp(8,10): warning C4566: character represented by universal-character-name '\u0440' cannot be represented in the current code page (1252)
C:\Users\iandr\source\repos\Project11\Project11\Source.cpp(8,10): warning C4566: character represented by universal-character-name '\u0454' cannot be represented in the current code page (1252)
C:\Users\iandr\source\repos\Project11\Project11\Source.cpp(8,10): warning C4566: character represented by universal-character-name '\u0432' cannot be represented in the current code page (1252)
C:\Users\iandr\source\repos\Project11\Project11\Source.cpp(8,10): warning C4566: character represented by universal-character-name '\u0406' cannot be represented in the current code page (1252)
C:\Users\iandr\source\repos\Project11\Project11\Source.cpp(8,10): warning C4566: character represented by universal-character-name '\u043B' cannot be represented in the current code page (1252)
C:\Users\iandr\source\repos\Project11\Project11\Source.cpp(8,10): warning C4566: character represented by universal-character-name '\u044F' cannot be represented in the current code page (1252)
C:\Users\iandr\source\repos\Project11\Project11\Source.cpp(8,10): warning C4566: character represented by universal-character-name '\u0412' cannot be represented in the current code page (1252)
C:\Users\iandr\source\repos\Project11\Project11\Source.cpp(8,10): warning C4566: character represented by universal-character-name '\u0430' cannot be represented in the current code page (1252)
C:\Users\iandr\source\repos\Project11\Project11\Source.cpp(8,10): warning C4566: character represented by universal-character-name '\u0456' cannot be represented in the current code page (1252)
C:\Users\iandr\source\repos\Project11\Project11\Source.cpp(8,10): warning C4566: character represented by universal-character-name '\u0442' cannot be represented in the current code page (1252)
C:\Users\iandr\source\repos\Project11\Project11\Source.cpp(8,10): warning C4566: character represented by universal-character-name '\u0422' cannot be represented in the current code page (1252)
C:\Users\iandr\source\repos\Project11\Project11\Source.cpp(8,10): warning C4566: character represented by universal-character-name '\u0438' cannot be represented in the current code page (1252)
C:\Users\iandr\source\repos\Project11\Project11\Source.cpp(8,10): warning C4566: character represented by universal-character-name '\u043F' cannot be represented in the current code page (1252)
C:\Users\iandr\source\repos\Project11\Project11\Source.cpp(9,10): warning C4566: character represented by universal-character-name '\u0420' cannot be represented in the current code page (1252)
C:\Users\iandr\source\repos\Project11\Project11\Source.cpp(9,10): warning C4566: character represented by universal-character-name '\u043E' cannot be represented in the current code page (1252)
C:\Users\iandr\source\repos\Project11\Project11\Source.cpp(9,10): warning C4566: character represented by universal-character-name '\u0437' cannot be represented in the current code page (1252)
C:\Users\iandr\source\repos\Project11\Project11\Source.cpp(9,10): warning C4566: character represented by universal-character-name '\u0432' cannot be represented in the current code page (1252)
C:\Users\iandr\source\repos\Project11\Project11\Source.cpp(9,10): warning C4566: character represented by universal-character-name '\u044F' cannot be represented in the current code page (1252)
C:\Users\iandr\source\repos\Project11\Project11\Source.cpp(9,10): warning C4566: character represented by universal-character-name '\u0430' cannot be represented in the current code page (1252)
C:\Users\iandr\source\repos\Project11\Project11\Source.cpp(9,10): warning C4566: character represented by universal-character-name '\u0442' cannot be represented in the current code page (1252)
C:\Users\iandr\source\repos\Project11\Project11\Source.cpp(9,10): warning C4566: character represented by universal-character-name '\u0438' cannot be represented in the current code page (1252)
C:\Users\iandr\source\repos\Project11\Project11\Source.cpp(9,10): warning C4566: character represented by universal-character-name '\u0434' cannot be represented in the current code page (1252)
C:\Users\iandr\source\repos\Project11\Project11\Source.cpp(9,10): warning C4566: character represented by universal-character-name '\u0447' cannot be represented in the current code page (1252)
C:\Users\iandr\source\repos\Project11\Project11\Source.cpp(9,10): warning C4566: character represented by universal-character-name '\u0443' cannot be represented in the current code page (1252)
C:\Users\iandr\source\repos\Project11\Project11\Source.cpp(9,10): warning C4566: character represented by universal-character-name '\u043F' cannot be represented in the current code page (1252)
C:\Users\iandr\source\repos\Project11\Project11\Source.cpp(9,10): warning C4566: character represented by universal-character-name '\u043C' cannot be represented in the current code page (1252)
C:\Users\iandr\source\repos\Project11\Project11\Source.cpp(9,10): warning C4566: character represented by universal-character-name '\u0433' cannot be represented in the current code page (1252)
C:\Users\iandr\source\repos\Project11\Project11\Source.cpp(9,10): warning C4566: character represented by universal-character-name '\u044E' cannot be represented in the current code page (1252)
C:\Users\iandr\source\repos\Project11\Project11\Source.cpp(9,10): warning C4566: character represented by universal-character-name '\u043A' cannot be represented in the current code page (1252)
C:\Users\iandr\source\repos\Project11\Project11\Source.cpp(9,10): warning C4566: character represented by universal-character-name '\u043B' cannot be represented in the current code page (1252)
C:\Users\iandr\source\repos\Project11\Project11\Source.cpp(9,10): warning C4566: character represented by universal-character-name '\u0441' cannot be represented in the current code page (1252)
C:\Users\iandr\source\repos\Project11\Project11\Source.cpp(9,10): warning C4566: character represented by universal-character-name '\u0431' cannot be represented in the current code page (1252)
C:\Users\iandr\source\repos\Project11\Project11\Source.cpp(9,10): warning C4566: character represented by universal-character-name '\u0440' cannot be represented in the current code page (1252)
C:\Users\iandr\source\repos\Project11\Project11\Source.cpp(9,10): warning C4566: character represented by universal-character-name '\u0446' cannot be represented in the current code page (1252)
C:\Users\iandr\source\repos\Project11\Project11\Source.cpp(9,10): warning C4566: character represented by universal-character-name '\u044C' cannot be represented in the current code page (1252)
C:\Users\iandr\source\repos\Project11\Project11\Source.cpp(9,10): warning C4566: character represented by universal-character-name '\u0456' cannot be represented in the current code page (1252)
C:\Users\iandr\source\repos\Project11\Project11\Source.cpp(9,10): warning C4566: character represented by universal-character-name '\u0445' cannot be represented in the current code page (1252)
C:\Users\iandr\source\repos\Project11\Project11\Source.cpp(9,10): warning C4566: character represented by universal-character-name '\u041C' cannot be represented in the current code page (1252)
C:\Users\iandr\source\repos\Project11\Project11\Source.cpp(9,10): warning C4566: character represented by universal-character-name '\u0436' cannot be represented in the current code page (1252)
C:\Users\iandr\source\repos\Project11\Project11\Source.cpp(9,10): warning C4566: character represented by universal-character-name '\u0454' cannot be represented in the current code page (1252)
C:\Users\iandr\source\repos\Project11\Project11\Source.cpp(9,10): warning C4566: character represented by universal-character-name '\u043D' cannot be represented in the current code page (1252)
C:\Users\iandr\source\repos\Project11\Project11\Source.cpp(10,10): warning C4566: character represented by universal-character-name '\u0412' cannot be represented in the current code page (1252)
C:\Users\iandr\source\repos\Project11\Project11\Source.cpp(10,10): warning C4566: character represented by universal-character-name '\u0438' cannot be represented in the current code page (1252)
C:\Users\iandr\source\repos\Project11\Project11\Source.cpp(10,10): warning C4566: character represented by universal-character-name '\u0437' cannot be represented in the current code page (1252)
C:\Users\iandr\source\repos\Project11\Project11\Source.cpp(10,10): warning C4566: character represented by universal-character-name '\u043D' cannot be represented in the current code page (1252)
C:\Users\iandr\source\repos\Project11\Project11\Source.cpp(10,10): warning C4566: character represented by universal-character-name '\u0430' cannot be represented in the current code page (1252)
C:\Users\iandr\source\repos\Project11\Project11\Source.cpp(10,10): warning C4566: character represented by universal-character-name '\u0447' cannot be represented in the current code page (1252)
C:\Users\iandr\source\repos\Project11\Project11\Source.cpp(10,10): warning C4566: character represented by universal-character-name '\u0442' cannot be represented in the current code page (1252)
C:\Users\iandr\source\repos\Project11\Project11\Source.cpp(10,10): warning C4566: character represented by universal-character-name '\u0432' cannot be represented in the current code page (1252)
C:\Users\iandr\source\repos\Project11\Project11\Source.cpp(10,10): warning C4566: character represented by universal-character-name '\u0441' cannot be represented in the current code page (1252)
C:\Users\iandr\source\repos\Project11\Project11\Source.cpp(10,10): warning C4566: character represented by universal-character-name '\u0456' cannot be represented in the current code page (1252)
C:\Users\iandr\source\repos\Project11\Project11\Source.cpp(10,10): warning C4566: character represented by universal-character-name '\u043F' cannot be represented in the current code page (1252)
C:\Users\iandr\source\repos\Project11\Project11\Source.cpp(10,10): warning C4566: character represented by universal-character-name '\u0440' cannot be represented in the current code page (1252)
C:\Users\iandr\source\repos\Project11\Project11\Source.cpp(10,10): warning C4566: character represented by universal-character-name '\u043E' cannot be represented in the current code page (1252)
C:\Users\iandr\source\repos\Project11\Project11\Source.cpp(10,10): warning C4566: character represented by universal-character-name '\u043C' cannot be represented in the current code page (1252)
C:\Users\iandr\source\repos\Project11\Project11\Source.cpp(10,10): warning C4566: character represented by universal-character-name '\u0435' cannot be represented in the current code page (1252)
C:\Users\iandr\source\repos\Project11\Project11\Source.cpp(10,10): warning C4566: character represented by universal-character-name '\u043A' cannot be represented in the current code page (1252)
C:\Users\iandr\source\repos\Project11\Project11\Source.cpp(10,10): warning C4566: character represented by universal-character-name '\u0434' cannot be represented in the current code page (1252)
C:\Users\iandr\source\repos\Project11\Project11\Source.cpp(10,10): warning C4566: character represented by universal-character-name '\u044C' cannot be represented in the current code page (1252)
C:\Users\iandr\source\repos\Project11\Project11\Source.cpp(10,10): warning C4566: character represented by universal-character-name '\u0436' cannot be represented in the current code page (1252)
C:\Users\iandr\source\repos\Project11\Project11\Source.cpp(10,10): warning C4566: character represented by universal-character-name '\u044F' cannot be represented in the current code page (1252)
C:\Users\iandr\source\repos\Project11\Project11\Source.cpp(10,10): warning C4566: character represented by universal-character-name '\u044E' cannot be represented in the current code page (1252)
C:\Users\iandr\source\repos\Project11\Project11\Source.cpp(10,10): warning C4566: character represented by universal-character-name '\u0454' cannot be represented in the current code page (1252)
C:\Users\iandr\source\repos\Project11\Project11\Source.cpp(11,10): warning C4566: character represented by universal-character-name '\u041F' cannot be represented in the current code page (1252)
C:\Users\iandr\source\repos\Project11\Project11\Source.cpp(11,10): warning C4566: character represented by universal-character-name '\u043E' cannot be represented in the current code page (1252)
C:\Users\iandr\source\repos\Project11\Project11\Source.cpp(11,10): warning C4566: character represented by universal-character-name '\u0432' cannot be represented in the current code page (1252)
C:\Users\iandr\source\repos\Project11\Project11\Source.cpp(11,10): warning C4566: character represented by universal-character-name '\u0435' cannot be represented in the current code page (1252)
C:\Users\iandr\source\repos\Project11\Project11\Source.cpp(11,10): warning C4566: character represented by universal-character-name '\u0440' cannot be represented in the current code page (1252)
C:\Users\iandr\source\repos\Project11\Project11\Source.cpp(11,10): warning C4566: character represented by universal-character-name '\u043D' cannot be represented in the current code page (1252)
C:\Users\iandr\source\repos\Project11\Project11\Source.cpp(11,10): warning C4566: character represented by universal-character-name '\u0443' cannot be represented in the current code page (1252)
C:\Users\iandr\source\repos\Project11\Project11\Source.cpp(11,10): warning C4566: character represented by universal-character-name '\u0442' cannot be represented in the current code page (1252)
C:\Users\iandr\source\repos\Project11\Project11\Source.cpp(11,10): warning C4566: character represented by universal-character-name '\u0438' cannot be represented in the current code page (1252)
C:\Users\iandr\source\repos\Project11\Project11\Source.cpp(11,10): warning C4566: character represented by universal-character-name '\u043C' cannot be represented in the current code page (1252)
C:\Users\iandr\source\repos\Project11\Project11\Source.cpp(11,10): warning C4566: character represented by universal-character-name '\u0430' cannot be represented in the current code page (1252)
C:\Users\iandr\source\repos\Project11\Project11\Source.cpp(11,10): warning C4566: character represented by universal-character-name '\u0446' cannot be represented in the current code page (1252)
C:\Users\iandr\source\repos\Project11\Project11\Source.cpp(11,10): warning C4566: character represented by universal-character-name '\u044E' cannot be represented in the current code page (1252)
C:\Users\iandr\source\repos\Project11\Project11\Source.cpp(11,10): warning C4566: character represented by universal-character-name '\u0433' cannot be represented in the current code page (1252)
C:\Users\iandr\source\repos\Project11\Project11\Source.cpp(11,10): warning C4566: character represented by universal-character-name '\u0434' cannot be represented in the current code page (1252)
C:\Users\iandr\source\repos\Project11\Project11\Source.cpp(11,10): warning C4566: character represented by universal-character-name '\u0441' cannot be represented in the current code page (1252)
C:\Users\iandr\source\repos\Project11\Project11\Source.cpp(11,10): warning C4566: character represented by universal-character-name '\u0456' cannot be represented in the current code page (1252)
C:\Users\iandr\source\repos\Project11\Project11\Source.cpp(11,10): warning C4566: character represented by universal-character-name '\u0437' cannot be represented in the current code page (1252)
C:\Users\iandr\source\repos\Project11\Project11\Source.cpp(11,10): warning C4566: character represented by universal-character-name '\u043A' cannot be represented in the current code page (1252)
C:\Users\iandr\source\repos\Project11\Project11\Source.cpp(11,10): warning C4566: character represented by universal-character-name '\u043B' cannot be represented in the current code page (1252)
C:\Users\iandr\source\repos\Project11\Project11\Source.cpp(22,11): error C2371: 'f': redefinition; different basic types
C:\Users\iandr\source\repos\Project11\Project11\Source.cpp(20): message : see declaration of 'f'
C:\Users\iandr\source\repos\Project11\Project11\Source.cpp(24,4): error C2088: '>>': illegal for class
